00:55:10:381  WARN 36408 --- [Thread-5] c.a.nacos.common.notify.NotifyCenter     : [NotifyCenter] Start destroying Publisher
00:55:10:381  WARN 36408 --- [Thread-1] c.a.n.common.http.HttpClientBeanHolder   : [HttpClientBeanHolder] Start destroying common HttpClient
00:55:10:431  WARN 36408 --- [Thread-5] c.a.nacos.common.notify.NotifyCenter     : [NotifyCenter] Destruction of the end
00:55:10:452  WARN 36408 --- [Thread-1] c.a.n.common.http.HttpClientBeanHolder   : [HttpClientBeanHolder] Destruction of the end
00:55:11:222  INFO 36408 --- [SpringApplicationShutdownHook] c.a.c.n.registry.NacosServiceRegistry    : De-registering from Nacos Server now...
00:55:11:230  INFO 36408 --- [SpringApplicationShutdownHook] c.a.c.n.registry.NacosServiceRegistry    : De-registration finished.
00:55:11:570  INFO 36408 --- [SpringApplicationShutdownHook] com.alibaba.nacos.common.remote.client   : Shutdown rpc client, set status to shutdown
00:55:11:571  INFO 36408 --- [SpringApplicationShutdownHook] com.alibaba.nacos.common.remote.client   : Shutdown client event executor java.util.concurrent.ScheduledThreadPoolExecutor@3f1c0f6f[Running, pool size = 2, active threads = 2, queued tasks = 0, completed tasks = 0]
00:55:11:572  INFO 36408 --- [SpringApplicationShutdownHook] com.alibaba.nacos.common.remote.client   : Close current connection 1738675733546_192.168.230.1_50068
00:55:11:576  INFO 36408 --- [nacos-grpc-client-executor-4188] c.a.n.c.remote.client.grpc.GrpcClient    : [1738675733546_192.168.230.1_50068]Ignore complete event,isRunning:false,isAbandon=false
00:55:11:587  INFO 36408 --- [SpringApplicationShutdownHook] c.a.n.c.remote.client.grpc.GrpcClient    : Shutdown grpc executor java.util.concurrent.ThreadPoolExecutor@52a6940[Running, pool size = 5, active threads = 0, queued tasks = 0, completed tasks = 4189]
00:56:08:993  INFO 16524 --- [main] com.hmall.pay.PayApplication             : The following 1 profile is active: "local"
00:56:10:352  INFO 16524 --- [main] .s.d.r.c.RepositoryConfigurationDelegate : Multiple Spring Data modules found, entering strict repository configuration mode
00:56:10:357  INFO 16524 --- [main] .s.d.r.c.RepositoryConfigurationDelegate : Bootstrapping Spring Data Redis repositories in DEFAULT mode.
00:56:10:397  INFO 16524 --- [main] .s.d.r.c.RepositoryConfigurationDelegate : Finished Spring Data repository scanning in 19 ms. Found 0 Redis repository interfaces.
00:56:10:792  INFO 16524 --- [main] o.s.cloud.context.scope.GenericScope     : BeanFactory id=5e3f7f1c-0fed-3f3c-8e10-ad7363f356e7
00:56:11:748  INFO 16524 --- [main] o.s.b.w.embedded.tomcat.TomcatWebServer  : Tomcat initialized with port(s): 8089 (http)
00:56:11:764  INFO 16524 --- [main] o.apache.catalina.core.StandardService   : Starting service [Tomcat]
00:56:11:765  INFO 16524 --- [main] org.apache.catalina.core.StandardEngine  : Starting Servlet engine: [Apache Tomcat/9.0.75]
00:56:12:062  INFO 16524 --- [main] o.a.c.c.C.[Tomcat].[localhost].[/]       : Initializing Spring embedded WebApplicationContext
00:56:12:063  INFO 16524 --- [main] w.s.c.ServletWebServerApplicationContext : Root WebApplicationContext: initialization completed in 3028 ms
00:56:12:233  INFO 16524 --- [main] c.h.common.config.DefaultFeignConfig     : 正在定义Feign的日志级别
00:56:12:234  INFO 16524 --- [main] c.h.common.config.DefaultFeignConfig     : 正在定义Feign请求拦截器
00:56:12:440  INFO 16524 --- [main] o.s.c.openfeign.FeignClientFactoryBean   : For 'trade-service' URL not provided. Will try picking an instance via load-balancing.
00:56:12:755  INFO 16524 --- [main] c.h.common.config.DefaultFeignConfig     : 正在定义Feign的日志级别
00:56:12:755  INFO 16524 --- [main] c.h.common.config.DefaultFeignConfig     : 正在定义Feign请求拦截器
00:56:12:759  INFO 16524 --- [main] o.s.c.openfeign.FeignClientFactoryBean   : For 'user-service' URL not provided. Will try picking an instance via load-balancing.
00:56:13:726  INFO 16524 --- [main] c.a.c.sentinel.SentinelWebMvcConfigurer  : [Sentinel Starter] register SentinelWebInterceptor with urlPatterns: [/**].
00:56:14:661  INFO 16524 --- [main] pertySourcedRequestMappingHandlerMapping : Mapped URL path [/v2/api-docs] onto method [springfox.documentation.swagger2.web.Swagger2ControllerWebMvc#getDocumentation(String, HttpServletRequest)]
00:56:15:895  INFO 16524 --- [main] com.alibaba.nacos.common.remote.client   : [RpcClientFactory] create a new rpc client of 82c32bac-42aa-41e8-a671-3c70c3f5d428
00:56:15:895  INFO 16524 --- [main] com.alibaba.nacos.common.remote.client   : [82c32bac-42aa-41e8-a671-3c70c3f5d428] RpcClient init label, labels = {module=naming, source=sdk}
00:56:15:898  INFO 16524 --- [main] com.alibaba.nacos.common.remote.client   : [82c32bac-42aa-41e8-a671-3c70c3f5d428] RpcClient init, ServerListFactory = com.alibaba.nacos.client.naming.core.ServerListManager
00:56:15:898  INFO 16524 --- [main] com.alibaba.nacos.common.remote.client   : [82c32bac-42aa-41e8-a671-3c70c3f5d428] Registry connection listener to current client:com.alibaba.nacos.client.naming.remote.gprc.redo.NamingGrpcRedoService
00:56:15:899  INFO 16524 --- [main] com.alibaba.nacos.common.remote.client   : [82c32bac-42aa-41e8-a671-3c70c3f5d428] Register server push request handler:com.alibaba.nacos.client.naming.remote.gprc.NamingPushRequestHandler
00:56:15:899  INFO 16524 --- [main] com.alibaba.nacos.common.remote.client   : [82c32bac-42aa-41e8-a671-3c70c3f5d428] Try to connect to server on start up, server: {serverIp = '192.168.230.130', server main port = 8848}
00:56:16:037  INFO 16524 --- [main] com.alibaba.nacos.common.remote.client   : [82c32bac-42aa-41e8-a671-3c70c3f5d428] Success to connect to server [192.168.230.130:8848] on start up, connectionId = 1738688176004_192.168.230.1_65474
00:56:16:037  INFO 16524 --- [main] com.alibaba.nacos.common.remote.client   : [82c32bac-42aa-41e8-a671-3c70c3f5d428] Register server push request handler:com.alibaba.nacos.common.remote.client.RpcClient$ConnectResetRequestHandler
00:56:16:037  INFO 16524 --- [main] com.alibaba.nacos.common.remote.client   : [82c32bac-42aa-41e8-a671-3c70c3f5d428] Register server push request handler:com.alibaba.nacos.common.remote.client.RpcClient$$Lambda$474/0x000001af9b4c26e0
00:56:16:037  INFO 16524 --- [com.alibaba.nacos.client.remote.worker] com.alibaba.nacos.common.remote.client   : [82c32bac-42aa-41e8-a671-3c70c3f5d428] Notify connected event to listeners.
00:56:16:105  INFO 16524 --- [main] o.s.b.w.embedded.tomcat.TomcatWebServer  : Tomcat started on port(s): 8089 (http) with context path ''
00:56:16:115  INFO 16524 --- [main] c.a.c.n.registry.NacosServiceRegistry    : nacos registry, DEFAULT_GROUP pay-service 192.168.2.24:8089 register finished
00:56:16:386  INFO 16524 --- [main] d.s.w.p.DocumentationPluginsBootstrapper : Documentation plugins bootstrapped
00:56:16:393  INFO 16524 --- [main] d.s.w.p.DocumentationPluginsBootstrapper : Found 1 custom documentation plugin(s)
00:56:16:461  INFO 16524 --- [main] s.d.s.w.s.ApiListingReferenceScanner     : Scanning for api listing references
00:56:16:495  INFO 16524 --- [main] com.hmall.pay.PayApplication             : Started PayApplication in 12.976 seconds (JVM running for 14.69)
00:56:16:503  INFO 16524 --- [main] c.a.c.n.refresh.NacosContextRefresher    : [Nacos Config] Listening config: dataId=pay-service, group=DEFAULT_GROUP
00:56:16:503  INFO 16524 --- [main] c.a.c.n.refresh.NacosContextRefresher    : [Nacos Config] Listening config: dataId=pay-service.yaml, group=DEFAULT_GROUP
00:56:16:504  INFO 16524 --- [main] c.a.c.n.refresh.NacosContextRefresher    : [Nacos Config] Listening config: dataId=pay-service-local.yaml, group=DEFAULT_GROUP
00:56:16:648  INFO 16524 --- [nacos-grpc-client-executor-6] com.alibaba.nacos.common.remote.client   : [82c32bac-42aa-41e8-a671-3c70c3f5d428] Receive server push request, request = NotifySubscriberRequest, requestId = 85
00:56:16:662  INFO 16524 --- [nacos-grpc-client-executor-6] com.alibaba.nacos.common.remote.client   : [82c32bac-42aa-41e8-a671-3c70c3f5d428] Ack server push request, request = NotifySubscriberRequest, requestId = 85
00:59:50:816  WARN 16524 --- [Thread-5] c.a.nacos.common.notify.NotifyCenter     : [NotifyCenter] Start destroying Publisher
00:59:50:816  WARN 16524 --- [Thread-1] c.a.n.common.http.HttpClientBeanHolder   : [HttpClientBeanHolder] Start destroying common HttpClient
00:59:50:816  WARN 16524 --- [Thread-5] c.a.nacos.common.notify.NotifyCenter     : [NotifyCenter] Destruction of the end
00:59:50:817  WARN 16524 --- [Thread-1] c.a.n.common.http.HttpClientBeanHolder   : [HttpClientBeanHolder] Destruction of the end
00:59:50:876  INFO 16524 --- [SpringApplicationShutdownHook] c.a.c.n.registry.NacosServiceRegistry    : De-registering from Nacos Server now...
00:59:50:882  INFO 16524 --- [SpringApplicationShutdownHook] c.a.c.n.registry.NacosServiceRegistry    : De-registration finished.
00:59:51:215  INFO 16524 --- [SpringApplicationShutdownHook] com.alibaba.nacos.common.remote.client   : Shutdown rpc client, set status to shutdown
00:59:51:215  INFO 16524 --- [SpringApplicationShutdownHook] com.alibaba.nacos.common.remote.client   : Shutdown client event executor java.util.concurrent.ScheduledThreadPoolExecutor@1620d81e[Running, pool size = 2, active threads = 2, queued tasks = 0, completed tasks = 0]
00:59:51:215  INFO 16524 --- [SpringApplicationShutdownHook] com.alibaba.nacos.common.remote.client   : Close current connection 1738688176004_192.168.230.1_65474
00:59:51:218  INFO 16524 --- [nacos-grpc-client-executor-52] c.a.n.c.remote.client.grpc.GrpcClient    : [1738688176004_192.168.230.1_65474]Ignore complete event,isRunning:false,isAbandon=false
00:59:51:221  INFO 16524 --- [SpringApplicationShutdownHook] c.a.n.c.remote.client.grpc.GrpcClient    : Shutdown grpc executor java.util.concurrent.ThreadPoolExecutor@7c9daf8d[Running, pool size = 5, active threads = 0, queued tasks = 0, completed tasks = 53]
01:00:26:170  INFO 27472 --- [main] com.hmall.pay.PayApplication             : The following 1 profile is active: "local"
01:00:28:165  INFO 27472 --- [main] .s.d.r.c.RepositoryConfigurationDelegate : Multiple Spring Data modules found, entering strict repository configuration mode
01:00:28:172  INFO 27472 --- [main] .s.d.r.c.RepositoryConfigurationDelegate : Bootstrapping Spring Data Redis repositories in DEFAULT mode.
01:00:28:221  INFO 27472 --- [main] .s.d.r.c.RepositoryConfigurationDelegate : Finished Spring Data repository scanning in 20 ms. Found 0 Redis repository interfaces.
01:00:28:606  INFO 27472 --- [main] o.s.cloud.context.scope.GenericScope     : BeanFactory id=5e3f7f1c-0fed-3f3c-8e10-ad7363f356e7
01:00:29:877  INFO 27472 --- [main] o.s.b.w.embedded.tomcat.TomcatWebServer  : Tomcat initialized with port(s): 8089 (http)
01:00:29:902  INFO 27472 --- [main] o.apache.catalina.core.StandardService   : Starting service [Tomcat]
01:00:29:902  INFO 27472 --- [main] org.apache.catalina.core.StandardEngine  : Starting Servlet engine: [Apache Tomcat/9.0.75]
01:00:30:302  INFO 27472 --- [main] o.a.c.c.C.[Tomcat].[localhost].[/]       : Initializing Spring embedded WebApplicationContext
01:00:30:302  INFO 27472 --- [main] w.s.c.ServletWebServerApplicationContext : Root WebApplicationContext: initialization completed in 4085 ms
01:00:30:521  INFO 27472 --- [main] c.h.common.config.DefaultFeignConfig     : 正在定义Feign的日志级别
01:00:30:522  INFO 27472 --- [main] c.h.common.config.DefaultFeignConfig     : 正在定义Feign请求拦截器
01:00:30:819  INFO 27472 --- [main] o.s.c.openfeign.FeignClientFactoryBean   : For 'trade-service' URL not provided. Will try picking an instance via load-balancing.
01:00:31:262  INFO 27472 --- [main] c.h.common.config.DefaultFeignConfig     : 正在定义Feign的日志级别
01:00:31:262  INFO 27472 --- [main] c.h.common.config.DefaultFeignConfig     : 正在定义Feign请求拦截器
01:00:31:268  INFO 27472 --- [main] o.s.c.openfeign.FeignClientFactoryBean   : For 'user-service' URL not provided. Will try picking an instance via load-balancing.
01:00:32:443  INFO 27472 --- [main] c.a.c.sentinel.SentinelWebMvcConfigurer  : [Sentinel Starter] register SentinelWebInterceptor with urlPatterns: [/**].
01:00:33:538  INFO 27472 --- [main] pertySourcedRequestMappingHandlerMapping : Mapped URL path [/v2/api-docs] onto method [springfox.documentation.swagger2.web.Swagger2ControllerWebMvc#getDocumentation(String, HttpServletRequest)]
01:00:34:767  INFO 27472 --- [main] com.alibaba.nacos.common.remote.client   : [RpcClientFactory] create a new rpc client of f86e9907-fc15-45ea-9415-dd1464e675d0
01:00:34:768  INFO 27472 --- [main] com.alibaba.nacos.common.remote.client   : [f86e9907-fc15-45ea-9415-dd1464e675d0] RpcClient init label, labels = {module=naming, source=sdk}
01:00:34:771  INFO 27472 --- [main] com.alibaba.nacos.common.remote.client   : [f86e9907-fc15-45ea-9415-dd1464e675d0] RpcClient init, ServerListFactory = com.alibaba.nacos.client.naming.core.ServerListManager
01:00:34:771  INFO 27472 --- [main] com.alibaba.nacos.common.remote.client   : [f86e9907-fc15-45ea-9415-dd1464e675d0] Registry connection listener to current client:com.alibaba.nacos.client.naming.remote.gprc.redo.NamingGrpcRedoService
01:00:34:772  INFO 27472 --- [main] com.alibaba.nacos.common.remote.client   : [f86e9907-fc15-45ea-9415-dd1464e675d0] Register server push request handler:com.alibaba.nacos.client.naming.remote.gprc.NamingPushRequestHandler
01:00:34:772  INFO 27472 --- [main] com.alibaba.nacos.common.remote.client   : [f86e9907-fc15-45ea-9415-dd1464e675d0] Try to connect to server on start up, server: {serverIp = '192.168.230.130', server main port = 8848}
01:00:34:906  INFO 27472 --- [main] com.alibaba.nacos.common.remote.client   : [f86e9907-fc15-45ea-9415-dd1464e675d0] Success to connect to server [192.168.230.130:8848] on start up, connectionId = 1738688434871_192.168.230.1_49977
01:00:34:906  INFO 27472 --- [main] com.alibaba.nacos.common.remote.client   : [f86e9907-fc15-45ea-9415-dd1464e675d0] Register server push request handler:com.alibaba.nacos.common.remote.client.RpcClient$ConnectResetRequestHandler
01:00:34:906  INFO 27472 --- [main] com.alibaba.nacos.common.remote.client   : [f86e9907-fc15-45ea-9415-dd1464e675d0] Register server push request handler:com.alibaba.nacos.common.remote.client.RpcClient$$Lambda$474/0x00000243364c2958
01:00:34:906  INFO 27472 --- [com.alibaba.nacos.client.remote.worker] com.alibaba.nacos.common.remote.client   : [f86e9907-fc15-45ea-9415-dd1464e675d0] Notify connected event to listeners.
01:00:34:972  INFO 27472 --- [main] o.s.b.w.embedded.tomcat.TomcatWebServer  : Tomcat started on port(s): 8089 (http) with context path ''
01:00:34:984  INFO 27472 --- [main] c.a.c.n.registry.NacosServiceRegistry    : nacos registry, DEFAULT_GROUP pay-service 192.168.2.24:8089 register finished
01:00:35:250  INFO 27472 --- [main] d.s.w.p.DocumentationPluginsBootstrapper : Documentation plugins bootstrapped
01:00:35:254  INFO 27472 --- [main] d.s.w.p.DocumentationPluginsBootstrapper : Found 1 custom documentation plugin(s)
01:00:35:288  INFO 27472 --- [main] s.d.s.w.s.ApiListingReferenceScanner     : Scanning for api listing references
01:00:35:307  INFO 27472 --- [main] com.hmall.pay.PayApplication             : Started PayApplication in 15.679 seconds (JVM running for 17.574)
01:00:35:315  INFO 27472 --- [main] c.a.c.n.refresh.NacosContextRefresher    : [Nacos Config] Listening config: dataId=pay-service, group=DEFAULT_GROUP
01:00:35:316  INFO 27472 --- [main] c.a.c.n.refresh.NacosContextRefresher    : [Nacos Config] Listening config: dataId=pay-service.yaml, group=DEFAULT_GROUP
01:00:35:316  INFO 27472 --- [main] c.a.c.n.refresh.NacosContextRefresher    : [Nacos Config] Listening config: dataId=pay-service-local.yaml, group=DEFAULT_GROUP
01:00:35:506  INFO 27472 --- [nacos-grpc-client-executor-6] com.alibaba.nacos.common.remote.client   : [f86e9907-fc15-45ea-9415-dd1464e675d0] Receive server push request, request = NotifySubscriberRequest, requestId = 91
01:00:35:528  INFO 27472 --- [nacos-grpc-client-executor-6] com.alibaba.nacos.common.remote.client   : [f86e9907-fc15-45ea-9415-dd1464e675d0] Ack server push request, request = NotifySubscriberRequest, requestId = 91
01:02:58:856  WARN 27472 --- [Thread-5] c.a.nacos.common.notify.NotifyCenter     : [NotifyCenter] Start destroying Publisher
01:02:58:857  WARN 27472 --- [Thread-1] c.a.n.common.http.HttpClientBeanHolder   : [HttpClientBeanHolder] Start destroying common HttpClient
01:02:58:857  WARN 27472 --- [Thread-5] c.a.nacos.common.notify.NotifyCenter     : [NotifyCenter] Destruction of the end
01:02:58:858  WARN 27472 --- [Thread-1] c.a.n.common.http.HttpClientBeanHolder   : [HttpClientBeanHolder] Destruction of the end
01:02:58:919  INFO 27472 --- [SpringApplicationShutdownHook] c.a.c.n.registry.NacosServiceRegistry    : De-registering from Nacos Server now...
01:02:58:924  INFO 27472 --- [SpringApplicationShutdownHook] c.a.c.n.registry.NacosServiceRegistry    : De-registration finished.
01:02:59:264  INFO 27472 --- [SpringApplicationShutdownHook] com.alibaba.nacos.common.remote.client   : Shutdown rpc client, set status to shutdown
01:02:59:265  INFO 27472 --- [SpringApplicationShutdownHook] com.alibaba.nacos.common.remote.client   : Shutdown client event executor java.util.concurrent.ScheduledThreadPoolExecutor@6445041d[Running, pool size = 2, active threads = 2, queued tasks = 0, completed tasks = 0]
01:02:59:265  INFO 27472 --- [SpringApplicationShutdownHook] com.alibaba.nacos.common.remote.client   : Close current connection 1738688434871_192.168.230.1_49977
01:02:59:268  INFO 27472 --- [nacos-grpc-client-executor-38] c.a.n.c.remote.client.grpc.GrpcClient    : [1738688434871_192.168.230.1_49977]Ignore complete event,isRunning:false,isAbandon=false
01:02:59:273  INFO 27472 --- [SpringApplicationShutdownHook] c.a.n.c.remote.client.grpc.GrpcClient    : Shutdown grpc executor java.util.concurrent.ThreadPoolExecutor@1c7bdcf3[Running, pool size = 5, active threads = 0, queued tasks = 0, completed tasks = 39]
