00:02:24:802 DEBUG 17552 --- [http-nio-8083-exec-1] c.h.cart.mapper.CartMapper.selectList    : ==>  Preparing: SELECT id,user_id,item_id,num,name,spec,price,image,create_time,update_time FROM cart WHERE (user_id = ?)
00:02:24:820 DEBUG 17552 --- [http-nio-8083-exec-1] c.h.cart.mapper.CartMapper.selectList    : ==> Parameters: 1(Long)
00:02:24:851 DEBUG 17552 --- [http-nio-8083-exec-1] c.h.cart.mapper.CartMapper.selectList    : <==      Total: 2
00:02:24:870 DEBUG 17552 --- [http-nio-8083-exec-1] com.hmall.item.api.client.ItemClient     : [ItemClient#queryItemsByIds] ---> GET http://item-service/items?ids=3072507&ids=317578 HTTP/1.1
00:02:24:872 DEBUG 17552 --- [http-nio-8083-exec-1] com.hmall.item.api.client.ItemClient     : [ItemClient#queryItemsByIds] user-info: 1
00:02:24:872 DEBUG 17552 --- [http-nio-8083-exec-1] com.hmall.item.api.client.ItemClient     : [ItemClient#queryItemsByIds] ---> END HTTP (0-byte body)
00:02:25:458 DEBUG 17552 --- [http-nio-8083-exec-1] com.hmall.item.api.client.ItemClient     : [ItemClient#queryItemsByIds] <--- HTTP/1.1 200  (585ms)
00:02:25:458 DEBUG 17552 --- [http-nio-8083-exec-1] com.hmall.item.api.client.ItemClient     : [ItemClient#queryItemsByIds] connection: keep-alive
00:02:25:459 DEBUG 17552 --- [http-nio-8083-exec-1] com.hmall.item.api.client.ItemClient     : [ItemClient#queryItemsByIds] content-type: application/json
00:02:25:459 DEBUG 17552 --- [http-nio-8083-exec-1] com.hmall.item.api.client.ItemClient     : [ItemClient#queryItemsByIds] date: Tue, 11 Mar 2025 16:02:25 GMT
00:02:25:459 DEBUG 17552 --- [http-nio-8083-exec-1] com.hmall.item.api.client.ItemClient     : [ItemClient#queryItemsByIds] keep-alive: timeout=60
00:02:25:459 DEBUG 17552 --- [http-nio-8083-exec-1] com.hmall.item.api.client.ItemClient     : [ItemClient#queryItemsByIds] transfer-encoding: chunked
00:02:25:459 DEBUG 17552 --- [http-nio-8083-exec-1] com.hmall.item.api.client.ItemClient     : [ItemClient#queryItemsByIds] 
00:02:25:461 DEBUG 17552 --- [http-nio-8083-exec-1] com.hmall.item.api.client.ItemClient     : [ItemClient#queryItemsByIds] [{"id":"317578","name":"RIMOWA 21寸托运箱拉杆箱 SALSA AIR系列果绿色 820.70.36.4","price":28900,"stock":9994,"image":"https://m.360buyimg.com/mobilecms/s720x720_jfs/t6934/364/1195375010/84676/e9f2c55f/597ece38N0ddcbc77.jpg!q70.jpg.webp","category":"拉杆箱","brand":"RIMOWA","spec":"{\"颜色\": \"红色\", \"尺码\": \"21寸\"}","sold":0,"commentCount":0,"isAD":false,"status":1},{"id":"3072507","name":"飞利浦 65POD901C/T3 65英寸 OLED曲面 三边流光溢彩金属超薄机身4K超高清智能液晶电视机（PHILIPS）","price":368800,"stock":9994,"image":"https://m.360buyimg.com/mobilecms/s720x720_jfs/t1/5966/19/11913/209097/5bd13c30Ea76804a8/6faec86cea020dd0.jpg!q70.jpg.webp","category":"曲面电视","brand":"飞利浦","spec":"{\"版本\": \"65英寸\"}","sold":0,"commentCount":0,"isAD":false,"status":1}]
00:02:25:461 DEBUG 17552 --- [http-nio-8083-exec-1] com.hmall.item.api.client.ItemClient     : [ItemClient#queryItemsByIds] <--- END HTTP (840-byte body)
00:09:59:426 DEBUG 17552 --- [http-nio-8083-exec-3] c.h.cart.mapper.CartMapper.selectList    : ==>  Preparing: SELECT id,user_id,item_id,num,name,spec,price,image,create_time,update_time FROM cart WHERE (user_id = ?)
00:09:59:427 DEBUG 17552 --- [http-nio-8083-exec-3] c.h.cart.mapper.CartMapper.selectList    : ==> Parameters: 1(Long)
00:09:59:437 DEBUG 17552 --- [http-nio-8083-exec-3] c.h.cart.mapper.CartMapper.selectList    : <==      Total: 2
00:09:59:443 DEBUG 17552 --- [http-nio-8083-exec-3] com.hmall.item.api.client.ItemClient     : [ItemClient#queryItemsByIds] ---> GET http://item-service/items?ids=3072507&ids=317578 HTTP/1.1
00:09:59:443 DEBUG 17552 --- [http-nio-8083-exec-3] com.hmall.item.api.client.ItemClient     : [ItemClient#queryItemsByIds] user-info: 1
00:09:59:443 DEBUG 17552 --- [http-nio-8083-exec-3] com.hmall.item.api.client.ItemClient     : [ItemClient#queryItemsByIds] ---> END HTTP (0-byte body)
00:09:59:465 DEBUG 17552 --- [http-nio-8083-exec-3] com.hmall.item.api.client.ItemClient     : [ItemClient#queryItemsByIds] <--- HTTP/1.1 200  (21ms)
00:09:59:465 DEBUG 17552 --- [http-nio-8083-exec-3] com.hmall.item.api.client.ItemClient     : [ItemClient#queryItemsByIds] connection: keep-alive
00:09:59:465 DEBUG 17552 --- [http-nio-8083-exec-3] com.hmall.item.api.client.ItemClient     : [ItemClient#queryItemsByIds] content-type: application/json
00:09:59:465 DEBUG 17552 --- [http-nio-8083-exec-3] com.hmall.item.api.client.ItemClient     : [ItemClient#queryItemsByIds] date: Tue, 11 Mar 2025 16:09:59 GMT
00:09:59:466 DEBUG 17552 --- [http-nio-8083-exec-3] com.hmall.item.api.client.ItemClient     : [ItemClient#queryItemsByIds] keep-alive: timeout=60
00:09:59:466 DEBUG 17552 --- [http-nio-8083-exec-3] com.hmall.item.api.client.ItemClient     : [ItemClient#queryItemsByIds] transfer-encoding: chunked
00:09:59:466 DEBUG 17552 --- [http-nio-8083-exec-3] com.hmall.item.api.client.ItemClient     : [ItemClient#queryItemsByIds] 
00:09:59:466 DEBUG 17552 --- [http-nio-8083-exec-3] com.hmall.item.api.client.ItemClient     : [ItemClient#queryItemsByIds] [{"id":"317578","name":"RIMOWA 21寸托运箱拉杆箱 SALSA AIR系列果绿色 820.70.36.4","price":28900,"stock":9994,"image":"https://m.360buyimg.com/mobilecms/s720x720_jfs/t6934/364/1195375010/84676/e9f2c55f/597ece38N0ddcbc77.jpg!q70.jpg.webp","category":"拉杆箱","brand":"RIMOWA","spec":"{\"颜色\": \"红色\", \"尺码\": \"21寸\"}","sold":0,"commentCount":0,"isAD":false,"status":1},{"id":"3072507","name":"飞利浦 65POD901C/T3 65英寸 OLED曲面 三边流光溢彩金属超薄机身4K超高清智能液晶电视机（PHILIPS）","price":368800,"stock":9994,"image":"https://m.360buyimg.com/mobilecms/s720x720_jfs/t1/5966/19/11913/209097/5bd13c30Ea76804a8/6faec86cea020dd0.jpg!q70.jpg.webp","category":"曲面电视","brand":"飞利浦","spec":"{\"版本\": \"65英寸\"}","sold":0,"commentCount":0,"isAD":false,"status":1}]
00:09:59:467 DEBUG 17552 --- [http-nio-8083-exec-3] com.hmall.item.api.client.ItemClient     : [ItemClient#queryItemsByIds] <--- END HTTP (840-byte body)
00:31:27:766  INFO 17552 --- [nacos-grpc-client-executor-2576] com.alibaba.nacos.common.remote.client   : [bcb21e91-f6fa-4633-abe2-92072540111e] Receive server push request, request = ClientDetectionRequest, requestId = 96
00:31:27:766  INFO 17552 --- [nacos-grpc-client-executor-2547] com.alibaba.nacos.common.remote.client   : [324fb4f0-e29f-4a17-895b-a922b91f5c09_config-0] Receive server push request, request = ClientDetectionRequest, requestId = 97
00:31:27:767  INFO 17552 --- [nacos-grpc-client-executor-2576] com.alibaba.nacos.common.remote.client   : [bcb21e91-f6fa-4633-abe2-92072540111e] Ack server push request, request = ClientDetectionRequest, requestId = 96
00:31:27:768  INFO 17552 --- [nacos-grpc-client-executor-2547] com.alibaba.nacos.common.remote.client   : [324fb4f0-e29f-4a17-895b-a922b91f5c09_config-0] Ack server push request, request = ClientDetectionRequest, requestId = 97
00:32:03:187  INFO 17552 --- [com.alibaba.nacos.client.remote.worker] com.alibaba.nacos.common.remote.client   : [bcb21e91-f6fa-4633-abe2-92072540111e] Server healthy check fail, currentConnection = 1741697334614_192.168.230.1_64495
00:32:03:187  INFO 17552 --- [com.alibaba.nacos.client.remote.worker] com.alibaba.nacos.common.remote.client   : [324fb4f0-e29f-4a17-895b-a922b91f5c09_config-0] Server healthy check fail, currentConnection = 1741697313266_192.168.230.1_64276
00:32:03:195  INFO 17552 --- [com.alibaba.nacos.client.remote.worker] com.alibaba.nacos.common.remote.client   : [324fb4f0-e29f-4a17-895b-a922b91f5c09_config-0] Try to reconnect to a new server, server is  not appointed, will choose a random server.
00:32:03:195  INFO 17552 --- [com.alibaba.nacos.client.remote.worker] com.alibaba.nacos.common.remote.client   : [bcb21e91-f6fa-4633-abe2-92072540111e] Try to reconnect to a new server, server is  not appointed, will choose a random server.
00:32:03:445  INFO 17552 --- [com.alibaba.nacos.client.remote.worker] com.alibaba.nacos.common.remote.client   : [324fb4f0-e29f-4a17-895b-a922b91f5c09_config-0] Success to connect a server [192.168.230.130:8848], connectionId = 1741710490318_192.168.230.1_51978
00:32:03:445  INFO 17552 --- [com.alibaba.nacos.client.remote.worker] com.alibaba.nacos.common.remote.client   : [bcb21e91-f6fa-4633-abe2-92072540111e] Success to connect a server [192.168.230.130:8848], connectionId = 1741710490318_192.168.230.1_51979
00:32:03:445  INFO 17552 --- [com.alibaba.nacos.client.remote.worker] com.alibaba.nacos.common.remote.client   : [324fb4f0-e29f-4a17-895b-a922b91f5c09_config-0] Abandon prev connection, server is 192.168.230.130:8848, connectionId is 1741697313266_192.168.230.1_64276
00:32:03:445  INFO 17552 --- [com.alibaba.nacos.client.remote.worker] com.alibaba.nacos.common.remote.client   : [bcb21e91-f6fa-4633-abe2-92072540111e] Abandon prev connection, server is 192.168.230.130:8848, connectionId is 1741697334614_192.168.230.1_64495
00:32:03:447  INFO 17552 --- [com.alibaba.nacos.client.remote.worker] com.alibaba.nacos.common.remote.client   : Close current connection 1741697313266_192.168.230.1_64276
00:32:03:447  INFO 17552 --- [com.alibaba.nacos.client.remote.worker] com.alibaba.nacos.common.remote.client   : Close current connection 1741697334614_192.168.230.1_64495
00:32:03:453  INFO 17552 --- [nacos-grpc-client-executor-2587] c.a.n.c.remote.client.grpc.GrpcClient    : [1741697334614_192.168.230.1_64495]Ignore complete event,isRunning:false,isAbandon=true
00:32:03:453  INFO 17552 --- [nacos-grpc-client-executor-2559] c.a.n.c.remote.client.grpc.GrpcClient    : [1741697313266_192.168.230.1_64276]Ignore complete event,isRunning:false,isAbandon=true
00:32:03:480  INFO 17552 --- [com.alibaba.nacos.client.remote.worker] com.alibaba.nacos.common.remote.client   : [324fb4f0-e29f-4a17-895b-a922b91f5c09_config-0] Notify disconnected event to listeners
00:32:03:480  INFO 17552 --- [com.alibaba.nacos.client.remote.worker] com.alibaba.nacos.common.remote.client   : [bcb21e91-f6fa-4633-abe2-92072540111e] Notify disconnected event to listeners
00:32:03:483  INFO 17552 --- [com.alibaba.nacos.client.remote.worker] com.alibaba.nacos.common.remote.client   : [324fb4f0-e29f-4a17-895b-a922b91f5c09_config-0] Notify connected event to listeners.
00:32:03:496  INFO 17552 --- [com.alibaba.nacos.client.remote.worker] com.alibaba.nacos.common.remote.client   : [bcb21e91-f6fa-4633-abe2-92072540111e] Notify connected event to listeners.
00:32:05:858  INFO 17552 --- [nacos-grpc-client-executor-2592] com.alibaba.nacos.common.remote.client   : [bcb21e91-f6fa-4633-abe2-92072540111e] Receive server push request, request = NotifySubscriberRequest, requestId = 122
00:32:05:859  INFO 17552 --- [nacos-grpc-client-executor-2592] com.alibaba.nacos.common.remote.client   : [bcb21e91-f6fa-4633-abe2-92072540111e] Ack server push request, request = NotifySubscriberRequest, requestId = 122
00:32:05:957  INFO 17552 --- [nacos-grpc-client-executor-2593] com.alibaba.nacos.common.remote.client   : [bcb21e91-f6fa-4633-abe2-92072540111e] Receive server push request, request = NotifySubscriberRequest, requestId = 125
00:32:05:958  INFO 17552 --- [nacos-grpc-client-executor-2593] com.alibaba.nacos.common.remote.client   : [bcb21e91-f6fa-4633-abe2-92072540111e] Ack server push request, request = NotifySubscriberRequest, requestId = 125
00:37:06:406  WARN 17552 --- [Thread-1] c.a.n.common.http.HttpClientBeanHolder   : [HttpClientBeanHolder] Start destroying common HttpClient
00:37:06:406  WARN 17552 --- [Thread-5] c.a.nacos.common.notify.NotifyCenter     : [NotifyCenter] Start destroying Publisher
00:37:06:406  WARN 17552 --- [Thread-5] c.a.nacos.common.notify.NotifyCenter     : [NotifyCenter] Destruction of the end
00:37:06:412  WARN 17552 --- [Thread-1] c.a.n.common.http.HttpClientBeanHolder   : [HttpClientBeanHolder] Destruction of the end
00:37:06:579  INFO 17552 --- [org.springframework.amqp.rabbit.RabbitListenerEndpointContainer#0-2] o.s.a.r.l.SimpleMessageListenerContainer : Waiting for workers to finish.
00:37:07:414  INFO 17552 --- [org.springframework.amqp.rabbit.RabbitListenerEndpointContainer#0-2] o.s.a.r.l.SimpleMessageListenerContainer : Successfully waited for workers to finish.
00:37:09:115  INFO 17552 --- [SpringApplicationShutdownHook] c.a.c.n.registry.NacosServiceRegistry    : De-registering from Nacos Server now...
00:37:09:124  INFO 17552 --- [SpringApplicationShutdownHook] c.a.c.n.registry.NacosServiceRegistry    : De-registration finished.
00:37:09:241  INFO 17552 --- [nacos-grpc-client-executor-2659] com.alibaba.nacos.common.remote.client   : [bcb21e91-f6fa-4633-abe2-92072540111e] Receive server push request, request = NotifySubscriberRequest, requestId = 135
00:37:09:247  INFO 17552 --- [nacos-grpc-client-executor-2659] com.alibaba.nacos.common.remote.client   : [bcb21e91-f6fa-4633-abe2-92072540111e] Ack server push request, request = NotifySubscriberRequest, requestId = 135
00:37:09:463  INFO 17552 --- [SpringApplicationShutdownHook] com.alibaba.nacos.common.remote.client   : Shutdown rpc client, set status to shutdown
00:37:09:463  INFO 17552 --- [SpringApplicationShutdownHook] com.alibaba.nacos.common.remote.client   : Shutdown client event executor java.util.concurrent.ScheduledThreadPoolExecutor@1f1ed955[Running, pool size = 2, active threads = 2, queued tasks = 0, completed tasks = 0]
00:37:09:464  INFO 17552 --- [SpringApplicationShutdownHook] com.alibaba.nacos.common.remote.client   : Close current connection 1741710490318_192.168.230.1_51979
00:37:09:467  INFO 17552 --- [nacos-grpc-client-executor-2660] c.a.n.c.remote.client.grpc.GrpcClient    : [1741710490318_192.168.230.1_51979]Ignore complete event,isRunning:false,isAbandon=false
00:37:09:468  INFO 17552 --- [SpringApplicationShutdownHook] c.a.n.c.remote.client.grpc.GrpcClient    : Shutdown grpc executor java.util.concurrent.ThreadPoolExecutor@1bc3f42b[Running, pool size = 6, active threads = 0, queued tasks = 0, completed tasks = 2661]
00:37:09:495  INFO 17552 --- [SpringApplicationShutdownHook] com.zaxxer.hikari.HikariDataSource       : HikariPool-1 - Shutdown initiated...
00:37:09:549  INFO 17552 --- [SpringApplicationShutdownHook] com.zaxxer.hikari.HikariDataSource       : HikariPool-1 - Shutdown completed.
00:37:09:576  INFO 17552 --- [SpringApplicationShutdownHook] o.s.a.r.l.SimpleMessageListenerContainer : Shutdown ignored - container is already stopped
20:52:21:010  INFO 2944 --- [main] com.hmall.cart.CartApplication           : The following 1 profile is active: "local"
20:52:23:030  INFO 2944 --- [main] .s.d.r.c.RepositoryConfigurationDelegate : Multiple Spring Data modules found, entering strict repository configuration mode
20:52:23:035  INFO 2944 --- [main] .s.d.r.c.RepositoryConfigurationDelegate : Bootstrapping Spring Data Redis repositories in DEFAULT mode.
20:52:23:080  INFO 2944 --- [main] .s.d.r.c.RepositoryConfigurationDelegate : Finished Spring Data repository scanning in 23 ms. Found 0 Redis repository interfaces.
20:52:23:516  INFO 2944 --- [main] o.s.cloud.context.scope.GenericScope     : BeanFactory id=64118142-f14e-38f0-a181-d5d44d6f02b6
20:52:24:511  INFO 2944 --- [main] o.s.b.w.embedded.tomcat.TomcatWebServer  : Tomcat initialized with port(s): 8083 (http)
20:52:24:526  INFO 2944 --- [main] o.apache.catalina.core.StandardService   : Starting service [Tomcat]
20:52:24:527  INFO 2944 --- [main] org.apache.catalina.core.StandardEngine  : Starting Servlet engine: [Apache Tomcat/9.0.75]
20:52:24:930  INFO 2944 --- [main] o.a.c.c.C.[Tomcat].[localhost].[/]       : Initializing Spring embedded WebApplicationContext
20:52:24:930  INFO 2944 --- [main] w.s.c.ServletWebServerApplicationContext : Root WebApplicationContext: initialization completed in 3887 ms
20:52:25:125  INFO 2944 --- [main] c.hmall.item.api.config.ItemFeignConfig  : 正在定义Feign的日志级别
20:52:25:126  INFO 2944 --- [main] c.h.common.config.DefaultFeignConfig     : 正在定义Feign请求拦截器
20:52:25:127  INFO 2944 --- [main] c.hmall.item.api.config.ItemFeignConfig  : 正在定义ItemClientFallback
20:52:25:640  INFO 2944 --- [main] o.s.c.openfeign.FeignClientFactoryBean   : For 'item-service' URL not provided. Will try picking an instance via load-balancing.
20:52:30:005  INFO 2944 --- [main] c.a.c.sentinel.SentinelWebMvcConfigurer  : [Sentinel Starter] register SentinelWebInterceptor with urlPatterns: [/**].
20:52:31:846  INFO 2944 --- [main] pertySourcedRequestMappingHandlerMapping : Mapped URL path [/v2/api-docs] onto method [springfox.documentation.swagger2.web.Swagger2ControllerWebMvc#getDocumentation(String, HttpServletRequest)]
20:52:31:869  INFO 2944 --- [main] com.hmall.common.config.MqConfig         : 初始化消息转换器.......
20:52:31:879  INFO 2944 --- [main] com.hmall.common.config.MqConfig         : 初始化消息头信息.......
20:52:31:882  INFO 2944 --- [main] com.hmall.common.config.MqConfig         : 初始化消息拦截器.....
20:52:32:160  WARN 2944 --- [Thread-1] c.a.n.common.http.HttpClientBeanHolder   : [HttpClientBeanHolder] Start destroying common HttpClient
20:52:32:161  WARN 2944 --- [Thread-5] c.a.nacos.common.notify.NotifyCenter     : [NotifyCenter] Start destroying Publisher
20:52:32:163  WARN 2944 --- [Thread-5] c.a.nacos.common.notify.NotifyCenter     : [NotifyCenter] Destruction of the end
20:52:32:164  WARN 2944 --- [Thread-1] c.a.n.common.http.HttpClientBeanHolder   : [HttpClientBeanHolder] Destruction of the end
20:52:35:621  INFO 2944 --- [main] com.alibaba.nacos.common.remote.client   : [RpcClientFactory] create a new rpc client of 301e1489-5943-4e3b-8680-0ea0f1a71e5b
20:52:35:622  INFO 2944 --- [main] com.alibaba.nacos.common.remote.client   : [301e1489-5943-4e3b-8680-0ea0f1a71e5b] RpcClient init label, labels = {module=naming, source=sdk}
20:52:35:629  INFO 2944 --- [main] com.alibaba.nacos.common.remote.client   : [301e1489-5943-4e3b-8680-0ea0f1a71e5b] RpcClient init, ServerListFactory = com.alibaba.nacos.client.naming.core.ServerListManager
20:52:35:629  INFO 2944 --- [main] com.alibaba.nacos.common.remote.client   : [301e1489-5943-4e3b-8680-0ea0f1a71e5b] Registry connection listener to current client:com.alibaba.nacos.client.naming.remote.gprc.redo.NamingGrpcRedoService
20:52:35:630  INFO 2944 --- [main] com.alibaba.nacos.common.remote.client   : [301e1489-5943-4e3b-8680-0ea0f1a71e5b] Register server push request handler:com.alibaba.nacos.client.naming.remote.gprc.NamingPushRequestHandler
20:52:35:633  INFO 2944 --- [main] com.alibaba.nacos.common.remote.client   : [301e1489-5943-4e3b-8680-0ea0f1a71e5b] Try to connect to server on start up, server: {serverIp = '192.168.230.130', server main port = 8848}
20:52:35:804  INFO 2944 --- [main] com.alibaba.nacos.common.remote.client   : [301e1489-5943-4e3b-8680-0ea0f1a71e5b] Success to connect to server [192.168.230.130:8848] on start up, connectionId = 1741783956130_192.168.230.1_51173
20:52:35:804  INFO 2944 --- [main] com.alibaba.nacos.common.remote.client   : [301e1489-5943-4e3b-8680-0ea0f1a71e5b] Register server push request handler:com.alibaba.nacos.common.remote.client.RpcClient$ConnectResetRequestHandler
20:52:35:804  INFO 2944 --- [com.alibaba.nacos.client.remote.worker] com.alibaba.nacos.common.remote.client   : [301e1489-5943-4e3b-8680-0ea0f1a71e5b] Notify connected event to listeners.
20:52:35:804  INFO 2944 --- [main] com.alibaba.nacos.common.remote.client   : [301e1489-5943-4e3b-8680-0ea0f1a71e5b] Register server push request handler:com.alibaba.nacos.common.remote.client.RpcClient$$Lambda$475/0x000000080042c440
20:52:35:930  INFO 2944 --- [main] o.s.b.w.embedded.tomcat.TomcatWebServer  : Tomcat started on port(s): 8083 (http) with context path ''
20:52:35:953  INFO 2944 --- [main] c.a.c.n.registry.NacosServiceRegistry    : nacos registry, DEFAULT_GROUP cart-service 10.96.214.85:8083 register finished
20:55:37:720  INFO 26536 --- [main] com.hmall.cart.CartApplication           : The following 1 profile is active: "local"
20:55:39:713  INFO 26536 --- [main] .s.d.r.c.RepositoryConfigurationDelegate : Multiple Spring Data modules found, entering strict repository configuration mode
20:55:39:717  INFO 26536 --- [main] .s.d.r.c.RepositoryConfigurationDelegate : Bootstrapping Spring Data Redis repositories in DEFAULT mode.
20:55:39:759  INFO 26536 --- [main] .s.d.r.c.RepositoryConfigurationDelegate : Finished Spring Data repository scanning in 21 ms. Found 0 Redis repository interfaces.
20:55:40:329  INFO 26536 --- [main] o.s.cloud.context.scope.GenericScope     : BeanFactory id=64118142-f14e-38f0-a181-d5d44d6f02b6
20:55:41:256  INFO 26536 --- [main] o.s.b.w.embedded.tomcat.TomcatWebServer  : Tomcat initialized with port(s): 8083 (http)
20:55:41:272  INFO 26536 --- [main] o.apache.catalina.core.StandardService   : Starting service [Tomcat]
20:55:41:272  INFO 26536 --- [main] org.apache.catalina.core.StandardEngine  : Starting Servlet engine: [Apache Tomcat/9.0.75]
20:55:41:730  INFO 26536 --- [main] o.a.c.c.C.[Tomcat].[localhost].[/]       : Initializing Spring embedded WebApplicationContext
20:55:41:730  INFO 26536 --- [main] w.s.c.ServletWebServerApplicationContext : Root WebApplicationContext: initialization completed in 3981 ms
20:55:41:945  INFO 26536 --- [main] c.hmall.item.api.config.ItemFeignConfig  : 正在定义Feign的日志级别
20:55:41:946  INFO 26536 --- [main] c.h.common.config.DefaultFeignConfig     : 正在定义Feign请求拦截器
20:55:41:947  INFO 26536 --- [main] c.hmall.item.api.config.ItemFeignConfig  : 正在定义ItemClientFallback
20:55:42:325  INFO 26536 --- [main] o.s.c.openfeign.FeignClientFactoryBean   : For 'item-service' URL not provided. Will try picking an instance via load-balancing.
20:55:46:109  INFO 26536 --- [main] c.a.c.sentinel.SentinelWebMvcConfigurer  : [Sentinel Starter] register SentinelWebInterceptor with urlPatterns: [/**].
20:55:47:904  INFO 26536 --- [main] pertySourcedRequestMappingHandlerMapping : Mapped URL path [/v2/api-docs] onto method [springfox.documentation.swagger2.web.Swagger2ControllerWebMvc#getDocumentation(String, HttpServletRequest)]
20:55:47:926  INFO 26536 --- [main] com.hmall.common.config.MqConfig         : 初始化消息转换器.......
20:55:47:934  INFO 26536 --- [main] com.hmall.common.config.MqConfig         : 初始化消息头信息.......
20:55:47:937  INFO 26536 --- [main] com.hmall.common.config.MqConfig         : 初始化消息拦截器.....
20:55:50:867  INFO 26536 --- [main] com.alibaba.nacos.common.remote.client   : [RpcClientFactory] create a new rpc client of b4e14090-a8ad-4fcd-9f66-ae9163170aae
20:55:50:868  INFO 26536 --- [main] com.alibaba.nacos.common.remote.client   : [b4e14090-a8ad-4fcd-9f66-ae9163170aae] RpcClient init label, labels = {module=naming, source=sdk}
20:55:50:877  INFO 26536 --- [main] com.alibaba.nacos.common.remote.client   : [b4e14090-a8ad-4fcd-9f66-ae9163170aae] RpcClient init, ServerListFactory = com.alibaba.nacos.client.naming.core.ServerListManager
20:55:50:877  INFO 26536 --- [main] com.alibaba.nacos.common.remote.client   : [b4e14090-a8ad-4fcd-9f66-ae9163170aae] Registry connection listener to current client:com.alibaba.nacos.client.naming.remote.gprc.redo.NamingGrpcRedoService
20:55:50:878  INFO 26536 --- [main] com.alibaba.nacos.common.remote.client   : [b4e14090-a8ad-4fcd-9f66-ae9163170aae] Register server push request handler:com.alibaba.nacos.client.naming.remote.gprc.NamingPushRequestHandler
20:55:50:879  INFO 26536 --- [main] com.alibaba.nacos.common.remote.client   : [b4e14090-a8ad-4fcd-9f66-ae9163170aae] Try to connect to server on start up, server: {serverIp = '192.168.230.130', server main port = 8848}
20:55:51:027  INFO 26536 --- [main] com.alibaba.nacos.common.remote.client   : [b4e14090-a8ad-4fcd-9f66-ae9163170aae] Success to connect to server [192.168.230.130:8848] on start up, connectionId = 1741784151378_192.168.230.1_51541
20:55:51:027  INFO 26536 --- [main] com.alibaba.nacos.common.remote.client   : [b4e14090-a8ad-4fcd-9f66-ae9163170aae] Register server push request handler:com.alibaba.nacos.common.remote.client.RpcClient$ConnectResetRequestHandler
20:55:51:027  INFO 26536 --- [main] com.alibaba.nacos.common.remote.client   : [b4e14090-a8ad-4fcd-9f66-ae9163170aae] Register server push request handler:com.alibaba.nacos.common.remote.client.RpcClient$$Lambda$475/0x000000080042d840
20:55:51:027  INFO 26536 --- [com.alibaba.nacos.client.remote.worker] com.alibaba.nacos.common.remote.client   : [b4e14090-a8ad-4fcd-9f66-ae9163170aae] Notify connected event to listeners.
20:55:51:101  INFO 26536 --- [main] o.s.b.w.embedded.tomcat.TomcatWebServer  : Tomcat started on port(s): 8083 (http) with context path ''
20:55:51:119  INFO 26536 --- [main] c.a.c.n.registry.NacosServiceRegistry    : nacos registry, DEFAULT_GROUP cart-service 10.96.214.85:8083 register finished
20:55:51:574  INFO 26536 --- [nacos-grpc-client-executor-9] com.alibaba.nacos.common.remote.client   : [b4e14090-a8ad-4fcd-9f66-ae9163170aae] Receive server push request, request = NotifySubscriberRequest, requestId = 7
20:55:51:579  INFO 26536 --- [nacos-grpc-client-executor-9] com.alibaba.nacos.common.remote.client   : [b4e14090-a8ad-4fcd-9f66-ae9163170aae] Ack server push request, request = NotifySubscriberRequest, requestId = 7
20:55:52:292  INFO 26536 --- [main] d.s.w.p.DocumentationPluginsBootstrapper : Documentation plugins bootstrapped
20:55:52:299  INFO 26536 --- [main] d.s.w.p.DocumentationPluginsBootstrapper : Found 1 custom documentation plugin(s)
20:55:52:361  INFO 26536 --- [main] s.d.s.w.s.ApiListingReferenceScanner     : Scanning for api listing references
20:55:52:545  INFO 26536 --- [main] o.s.a.r.c.CachingConnectionFactory       : Attempting to connect to: [192.168.230.130:5672]
20:55:52:625  INFO 26536 --- [main] o.s.a.r.c.CachingConnectionFactory       : Created new connection: rabbitConnectionFactory#7e4c0bc7:0/SimpleConnection@36c8e1c6 [delegate=amqp://hmall@192.168.230.130:5672//hmall, localPort= 51545]
20:55:52:762  INFO 26536 --- [main] com.hmall.cart.CartApplication           : Started CartApplication in 23.71 seconds (JVM running for 27.036)
20:55:52:793  INFO 26536 --- [main] c.a.c.n.refresh.NacosContextRefresher    : [Nacos Config] Listening config: dataId=cart-service, group=DEFAULT_GROUP
20:55:52:795  INFO 26536 --- [main] c.a.c.n.refresh.NacosContextRefresher    : [Nacos Config] Listening config: dataId=cart-service.yaml, group=DEFAULT_GROUP
20:55:52:795  INFO 26536 --- [main] c.a.c.n.refresh.NacosContextRefresher    : [Nacos Config] Listening config: dataId=cart-service-local.yaml, group=DEFAULT_GROUP
21:02:49:557  INFO 26536 --- [http-nio-8083-exec-1] o.a.c.c.C.[Tomcat].[localhost].[/]       : Initializing Spring DispatcherServlet 'dispatcherServlet'
21:02:49:562  INFO 26536 --- [http-nio-8083-exec-1] o.s.web.servlet.DispatcherServlet        : Initializing Servlet 'dispatcherServlet'
21:02:49:591  INFO 26536 --- [http-nio-8083-exec-1] o.s.web.servlet.DispatcherServlet        : Completed initialization in 28 ms
21:02:50:488  INFO 26536 --- [http-nio-8083-exec-1] com.zaxxer.hikari.HikariDataSource       : HikariPool-1 - Starting...
21:02:51:373  INFO 26536 --- [http-nio-8083-exec-1] com.zaxxer.hikari.HikariDataSource       : HikariPool-1 - Start completed.
21:02:51:406 DEBUG 26536 --- [http-nio-8083-exec-1] c.h.cart.mapper.CartMapper.selectList    : ==>  Preparing: SELECT id,user_id,item_id,num,name,spec,price,image,create_time,update_time FROM cart WHERE (user_id = ?)
21:02:51:502 DEBUG 26536 --- [http-nio-8083-exec-1] c.h.cart.mapper.CartMapper.selectList    : ==> Parameters: 1(Long)
21:02:51:589 DEBUG 26536 --- [http-nio-8083-exec-1] c.h.cart.mapper.CartMapper.selectList    : <==      Total: 2
21:02:52:877  INFO 26536 --- [nacos-grpc-client-executor-114] com.alibaba.nacos.common.remote.client   : [b4e14090-a8ad-4fcd-9f66-ae9163170aae] Receive server push request, request = NotifySubscriberRequest, requestId = 21
21:02:52:879  INFO 26536 --- [nacos-grpc-client-executor-114] com.alibaba.nacos.common.remote.client   : [b4e14090-a8ad-4fcd-9f66-ae9163170aae] Ack server push request, request = NotifySubscriberRequest, requestId = 21
21:26:43:769 DEBUG 26536 --- [http-nio-8083-exec-2] c.h.cart.mapper.CartMapper.selectList    : ==>  Preparing: SELECT id,user_id,item_id,num,name,spec,price,image,create_time,update_time FROM cart WHERE (user_id = ?)
21:26:43:771 DEBUG 26536 --- [http-nio-8083-exec-2] c.h.cart.mapper.CartMapper.selectList    : ==> Parameters: 1(Long)
21:26:43:778 DEBUG 26536 --- [http-nio-8083-exec-2] c.h.cart.mapper.CartMapper.selectList    : <==      Total: 2
