00:14:44:016  INFO 31468 --- [nacos-grpc-client-executor-1226] com.alibaba.nacos.common.remote.client   : [f3dcde0f-1743-45f6-bf58-017101c6258d_config-0] Receive server push request, request = ClientDetectionRequest, requestId = 55
00:14:44:016  INFO 31468 --- [nacos-grpc-client-executor-1219] com.alibaba.nacos.common.remote.client   : [b9233ae6-a2d7-42e1-a52e-c680613b9124] Receive server push request, request = ClientDetectionRequest, requestId = 52
00:14:44:212  INFO 31468 --- [nacos-grpc-client-executor-1219] com.alibaba.nacos.common.remote.client   : [b9233ae6-a2d7-42e1-a52e-c680613b9124] Ack server push request, request = ClientDetectionRequest, requestId = 52
00:14:44:212  INFO 31468 --- [nacos-grpc-client-executor-1226] com.alibaba.nacos.common.remote.client   : [f3dcde0f-1743-45f6-bf58-017101c6258d_config-0] Ack server push request, request = ClientDetectionRequest, requestId = 55
00:22:09:444  WARN 31468 --- [Thread-5] c.a.nacos.common.notify.NotifyCenter     : [NotifyCenter] Start destroying Publisher
00:22:09:444  WARN 31468 --- [Thread-1] c.a.n.common.http.HttpClientBeanHolder   : [HttpClientBeanHolder] Start destroying common HttpClient
00:22:09:450  WARN 31468 --- [Thread-5] c.a.nacos.common.notify.NotifyCenter     : [NotifyCenter] Destruction of the end
00:22:09:455  WARN 31468 --- [Thread-1] c.a.n.common.http.HttpClientBeanHolder   : [HttpClientBeanHolder] Destruction of the end
00:22:09:656  INFO 31468 --- [SpringApplicationShutdownHook] c.a.c.n.registry.NacosServiceRegistry    : De-registering from Nacos Server now...
00:22:09:674  INFO 31468 --- [SpringApplicationShutdownHook] c.a.c.n.registry.NacosServiceRegistry    : De-registration finished.
00:22:10:014  INFO 31468 --- [SpringApplicationShutdownHook] com.alibaba.nacos.common.remote.client   : Shutdown rpc client, set status to shutdown
00:22:10:015  INFO 31468 --- [SpringApplicationShutdownHook] com.alibaba.nacos.common.remote.client   : Shutdown client event executor java.util.concurrent.ScheduledThreadPoolExecutor@3afd9fe1[Running, pool size = 2, active threads = 2, queued tasks = 0, completed tasks = 0]
00:22:10:015  INFO 31468 --- [SpringApplicationShutdownHook] com.alibaba.nacos.common.remote.client   : Close current connection 1740926074296_192.168.230.1_60257
00:22:10:021  INFO 31468 --- [nacos-grpc-client-executor-1310] c.a.n.c.remote.client.grpc.GrpcClient    : [1740926074296_192.168.230.1_60257]Ignore complete event,isRunning:false,isAbandon=false
00:22:10:038  INFO 31468 --- [SpringApplicationShutdownHook] c.a.n.c.remote.client.grpc.GrpcClient    : Shutdown grpc executor java.util.concurrent.ThreadPoolExecutor@48d10796[Running, pool size = 5, active threads = 0, queued tasks = 0, completed tasks = 1311]
21:03:37:206  INFO 37324 --- [main] com.hmall.gateway.GatewayApplication     : The following 1 profile is active: "dev"
21:03:38:056  INFO 37324 --- [main] o.s.cloud.context.scope.GenericScope     : BeanFactory id=8e494687-15f7-3d3d-9771-439c8420c1b8
21:03:38:142  INFO 37324 --- [main] trationDelegate$BeanPostProcessorChecker : Bean 'org.springframework.cloud.client.loadbalancer.reactive.LoadBalancerBeanPostProcessorAutoConfiguration' of type [org.springframework.cloud.client.loadbalancer.reactive.LoadBalancerBeanPostProcessorAutoConfiguration] is not eligible for getting processed by all BeanPostProcessors (for example: not eligible for auto-proxying)
21:03:38:143  INFO 37324 --- [main] trationDelegate$BeanPostProcessorChecker : Bean 'org.springframework.cloud.client.loadbalancer.reactive.LoadBalancerBeanPostProcessorAutoConfiguration$ReactorDeferringLoadBalancerFilterConfig' of type [org.springframework.cloud.client.loadbalancer.reactive.LoadBalancerBeanPostProcessorAutoConfiguration$ReactorDeferringLoadBalancerFilterConfig] is not eligible for getting processed by all BeanPostProcessors (for example: not eligible for auto-proxying)
21:03:38:145  INFO 37324 --- [main] trationDelegate$BeanPostProcessorChecker : Bean 'reactorDeferringLoadBalancerExchangeFilterFunction' of type [org.springframework.cloud.client.loadbalancer.reactive.DeferringLoadBalancerExchangeFilterFunction] is not eligible for getting processed by all BeanPostProcessors (for example: not eligible for auto-proxying)
21:03:39:022  INFO 37324 --- [main] c.h.gateway.routers.DynamicRouterLoader  : 监听到路由配置信息：[
    {
        "id": "item",
        "predicates": [{
            "name": "Path",
            "args": {"_genkey_0":"/items/**", "_genkey_1":"/search/**"}
        }],
        "filters": [],
        "uri": "lb://item-service"
    },
    {
        "id": "cart",
        "predicates": [{
            "name": "Path",
            "args": {"_genkey_0":"/carts/**"}
        }],
        "filters": [],
        "uri": "lb://cart-service"
    },
    {
        "id": "user",
        "predicates": [{
            "name": "Path",
            "args": {"_genkey_0":"/users/**", "_genkey_1":"/addresses/**"}
        }],
        "filters": [],
        "uri": "lb://user-service"
    },
    {
        "id": "trade",
        "predicates": [{
            "name": "Path",
            "args": {"_genkey_0":"/orders/**"}
        }],
        "filters": [],
        "uri": "lb://trade-service"
    },
    {
        "id": "pay",
        "predicates": [{
            "name": "Path",
            "args": {"_genkey_0":"/pay-orders/**"}
        }],
        "filters": [],
        "uri": "lb://pay-service"
    }
]
21:03:40:758  INFO 37324 --- [main] o.s.c.g.r.RouteDefinitionRouteLocator    : Loaded RoutePredicateFactory [After]
21:03:40:758  INFO 37324 --- [main] o.s.c.g.r.RouteDefinitionRouteLocator    : Loaded RoutePredicateFactory [Before]
21:03:40:758  INFO 37324 --- [main] o.s.c.g.r.RouteDefinitionRouteLocator    : Loaded RoutePredicateFactory [Between]
21:03:40:758  INFO 37324 --- [main] o.s.c.g.r.RouteDefinitionRouteLocator    : Loaded RoutePredicateFactory [Cookie]
21:03:40:759  INFO 37324 --- [main] o.s.c.g.r.RouteDefinitionRouteLocator    : Loaded RoutePredicateFactory [Header]
21:03:40:759  INFO 37324 --- [main] o.s.c.g.r.RouteDefinitionRouteLocator    : Loaded RoutePredicateFactory [Host]
21:03:40:759  INFO 37324 --- [main] o.s.c.g.r.RouteDefinitionRouteLocator    : Loaded RoutePredicateFactory [Method]
21:03:40:759  INFO 37324 --- [main] o.s.c.g.r.RouteDefinitionRouteLocator    : Loaded RoutePredicateFactory [Path]
21:03:40:759  INFO 37324 --- [main] o.s.c.g.r.RouteDefinitionRouteLocator    : Loaded RoutePredicateFactory [Query]
21:03:40:759  INFO 37324 --- [main] o.s.c.g.r.RouteDefinitionRouteLocator    : Loaded RoutePredicateFactory [ReadBody]
21:03:40:759  INFO 37324 --- [main] o.s.c.g.r.RouteDefinitionRouteLocator    : Loaded RoutePredicateFactory [RemoteAddr]
21:03:40:759  INFO 37324 --- [main] o.s.c.g.r.RouteDefinitionRouteLocator    : Loaded RoutePredicateFactory [XForwardedRemoteAddr]
21:03:40:759  INFO 37324 --- [main] o.s.c.g.r.RouteDefinitionRouteLocator    : Loaded RoutePredicateFactory [Weight]
21:03:40:759  INFO 37324 --- [main] o.s.c.g.r.RouteDefinitionRouteLocator    : Loaded RoutePredicateFactory [CloudFoundryRouteService]
21:03:41:377  INFO 37324 --- [main] com.hmall.common.config.MqConfig         : 初始化消息转换器.......
21:03:41:381  INFO 37324 --- [main] com.hmall.common.config.MqConfig         : 初始化消息头信息.......
21:03:41:382  INFO 37324 --- [main] com.hmall.common.config.MqConfig         : 初始化消息拦截器.....
21:03:41:731  INFO 37324 --- [main] com.alibaba.nacos.common.remote.client   : [RpcClientFactory] create a new rpc client of 7251f533-8245-47bf-a895-24b3d6f0ec81
21:03:41:731  INFO 37324 --- [main] com.alibaba.nacos.common.remote.client   : [7251f533-8245-47bf-a895-24b3d6f0ec81] RpcClient init label, labels = {module=naming, source=sdk}
21:03:41:732  INFO 37324 --- [main] com.alibaba.nacos.common.remote.client   : [7251f533-8245-47bf-a895-24b3d6f0ec81] RpcClient init, ServerListFactory = com.alibaba.nacos.client.naming.core.ServerListManager
21:03:41:733  INFO 37324 --- [main] com.alibaba.nacos.common.remote.client   : [7251f533-8245-47bf-a895-24b3d6f0ec81] Registry connection listener to current client:com.alibaba.nacos.client.naming.remote.gprc.redo.NamingGrpcRedoService
21:03:41:733  INFO 37324 --- [main] com.alibaba.nacos.common.remote.client   : [7251f533-8245-47bf-a895-24b3d6f0ec81] Register server push request handler:com.alibaba.nacos.client.naming.remote.gprc.NamingPushRequestHandler
21:03:41:734  INFO 37324 --- [main] com.alibaba.nacos.common.remote.client   : [7251f533-8245-47bf-a895-24b3d6f0ec81] Try to connect to server on start up, server: {serverIp = '192.168.230.130', server main port = 8848}
21:03:41:863  INFO 37324 --- [main] com.alibaba.nacos.common.remote.client   : [7251f533-8245-47bf-a895-24b3d6f0ec81] Success to connect to server [192.168.230.130:8848] on start up, connectionId = 1741007021727_192.168.230.1_63105
21:03:41:863  INFO 37324 --- [main] com.alibaba.nacos.common.remote.client   : [7251f533-8245-47bf-a895-24b3d6f0ec81] Register server push request handler:com.alibaba.nacos.common.remote.client.RpcClient$ConnectResetRequestHandler
21:03:41:863  INFO 37324 --- [main] com.alibaba.nacos.common.remote.client   : [7251f533-8245-47bf-a895-24b3d6f0ec81] Register server push request handler:com.alibaba.nacos.common.remote.client.RpcClient$$Lambda$468/0x00000008003eb040
21:03:41:863  INFO 37324 --- [com.alibaba.nacos.client.remote.worker] com.alibaba.nacos.common.remote.client   : [7251f533-8245-47bf-a895-24b3d6f0ec81] Notify connected event to listeners.
21:03:42:314  INFO 37324 --- [main] o.s.b.web.embedded.netty.NettyWebServer  : Netty started on port 8080
21:03:42:467  INFO 37324 --- [nacos-grpc-client-executor-4] com.alibaba.nacos.common.remote.client   : [7251f533-8245-47bf-a895-24b3d6f0ec81] Receive server push request, request = NotifySubscriberRequest, requestId = 20
21:03:42:469  INFO 37324 --- [nacos-grpc-client-executor-4] com.alibaba.nacos.common.remote.client   : [7251f533-8245-47bf-a895-24b3d6f0ec81] Ack server push request, request = NotifySubscriberRequest, requestId = 20
21:03:43:217  INFO 37324 --- [main] c.a.c.n.registry.NacosServiceRegistry    : nacos registry, DEFAULT_GROUP gateway 10.96.214.85:8080 register finished
21:03:43:233  INFO 37324 --- [main] com.hmall.gateway.GatewayApplication     : Started GatewayApplication in 11.228 seconds (JVM running for 12.919)
21:03:43:235  INFO 37324 --- [main] c.a.c.n.refresh.NacosContextRefresher    : [Nacos Config] Listening config: dataId=gateway.yaml, group=DEFAULT_GROUP
21:03:43:236  INFO 37324 --- [main] c.a.c.n.refresh.NacosContextRefresher    : [Nacos Config] Listening config: dataId=gateway-dev.yaml, group=DEFAULT_GROUP
21:03:43:237  INFO 37324 --- [main] c.a.c.n.refresh.NacosContextRefresher    : [Nacos Config] Listening config: dataId=gateway, group=DEFAULT_GROUP
21:03:43:759  INFO 37324 --- [nacos-grpc-client-executor-7] com.alibaba.nacos.common.remote.client   : [7251f533-8245-47bf-a895-24b3d6f0ec81] Receive server push request, request = NotifySubscriberRequest, requestId = 21
21:03:43:763  INFO 37324 --- [nacos-grpc-client-executor-7] com.alibaba.nacos.common.remote.client   : [7251f533-8245-47bf-a895-24b3d6f0ec81] Ack server push request, request = NotifySubscriberRequest, requestId = 21
21:15:25:269  INFO 37324 --- [nacos-grpc-client-executor-156] com.alibaba.nacos.common.remote.client   : [7251f533-8245-47bf-a895-24b3d6f0ec81] Receive server push request, request = NotifySubscriberRequest, requestId = 25
21:15:25:270  INFO 37324 --- [nacos-grpc-client-executor-156] com.alibaba.nacos.common.remote.client   : [7251f533-8245-47bf-a895-24b3d6f0ec81] Ack server push request, request = NotifySubscriberRequest, requestId = 25
21:15:28:981  INFO 37324 --- [nacos-grpc-client-executor-159] com.alibaba.nacos.common.remote.client   : [7251f533-8245-47bf-a895-24b3d6f0ec81] Receive server push request, request = NotifySubscriberRequest, requestId = 26
21:15:28:983  INFO 37324 --- [nacos-grpc-client-executor-159] com.alibaba.nacos.common.remote.client   : [7251f533-8245-47bf-a895-24b3d6f0ec81] Ack server push request, request = NotifySubscriberRequest, requestId = 26
21:16:09:805  INFO 37324 --- [nacos-grpc-client-executor-171] com.alibaba.nacos.common.remote.client   : [7251f533-8245-47bf-a895-24b3d6f0ec81] Receive server push request, request = NotifySubscriberRequest, requestId = 27
21:16:09:806  INFO 37324 --- [nacos-grpc-client-executor-171] com.alibaba.nacos.common.remote.client   : [7251f533-8245-47bf-a895-24b3d6f0ec81] Ack server push request, request = NotifySubscriberRequest, requestId = 27
21:39:00:112  INFO 37324 --- [nacos-grpc-client-executor-463] com.alibaba.nacos.common.remote.client   : [7251f533-8245-47bf-a895-24b3d6f0ec81] Receive server push request, request = NotifySubscriberRequest, requestId = 28
21:39:00:116  INFO 37324 --- [nacos-grpc-client-executor-463] com.alibaba.nacos.common.remote.client   : [7251f533-8245-47bf-a895-24b3d6f0ec81] Ack server push request, request = NotifySubscriberRequest, requestId = 28
21:41:30:257  INFO 37324 --- [nacos-grpc-client-executor-496] com.alibaba.nacos.common.remote.client   : [7251f533-8245-47bf-a895-24b3d6f0ec81] Receive server push request, request = NotifySubscriberRequest, requestId = 29
21:41:30:259  INFO 37324 --- [nacos-grpc-client-executor-496] com.alibaba.nacos.common.remote.client   : [7251f533-8245-47bf-a895-24b3d6f0ec81] Ack server push request, request = NotifySubscriberRequest, requestId = 29
21:58:05:285  INFO 37324 --- [nacos-grpc-client-executor-699] com.alibaba.nacos.common.remote.client   : [7251f533-8245-47bf-a895-24b3d6f0ec81] Receive server push request, request = NotifySubscriberRequest, requestId = 34
21:58:05:288  INFO 37324 --- [nacos-grpc-client-executor-699] com.alibaba.nacos.common.remote.client   : [7251f533-8245-47bf-a895-24b3d6f0ec81] Ack server push request, request = NotifySubscriberRequest, requestId = 34
21:59:28:679  INFO 37324 --- [nacos-grpc-client-executor-717] com.alibaba.nacos.common.remote.client   : [7251f533-8245-47bf-a895-24b3d6f0ec81] Receive server push request, request = NotifySubscriberRequest, requestId = 36
21:59:28:682  INFO 37324 --- [nacos-grpc-client-executor-717] com.alibaba.nacos.common.remote.client   : [7251f533-8245-47bf-a895-24b3d6f0ec81] Ack server push request, request = NotifySubscriberRequest, requestId = 36
22:14:04:897  INFO 37324 --- [nacos-grpc-client-executor-904] com.alibaba.nacos.common.remote.client   : [7251f533-8245-47bf-a895-24b3d6f0ec81] Receive server push request, request = NotifySubscriberRequest, requestId = 41
22:14:04:899  INFO 37324 --- [nacos-grpc-client-executor-904] com.alibaba.nacos.common.remote.client   : [7251f533-8245-47bf-a895-24b3d6f0ec81] Ack server push request, request = NotifySubscriberRequest, requestId = 41
22:14:27:663  INFO 37324 --- [nacos-grpc-client-executor-910] com.alibaba.nacos.common.remote.client   : [7251f533-8245-47bf-a895-24b3d6f0ec81] Receive server push request, request = NotifySubscriberRequest, requestId = 43
22:14:27:666  INFO 37324 --- [nacos-grpc-client-executor-910] com.alibaba.nacos.common.remote.client   : [7251f533-8245-47bf-a895-24b3d6f0ec81] Ack server push request, request = NotifySubscriberRequest, requestId = 43
22:44:40:446  WARN 37324 --- [Thread-5] c.a.nacos.common.notify.NotifyCenter     : [NotifyCenter] Start destroying Publisher
22:44:40:446  WARN 37324 --- [Thread-1] c.a.n.common.http.HttpClientBeanHolder   : [HttpClientBeanHolder] Start destroying common HttpClient
22:44:40:449  WARN 37324 --- [Thread-5] c.a.nacos.common.notify.NotifyCenter     : [NotifyCenter] Destruction of the end
22:44:40:459  WARN 37324 --- [Thread-1] c.a.n.common.http.HttpClientBeanHolder   : [HttpClientBeanHolder] Destruction of the end
22:44:40:592  INFO 37324 --- [SpringApplicationShutdownHook] c.a.c.n.registry.NacosServiceRegistry    : De-registering from Nacos Server now...
22:44:40:602  INFO 37324 --- [SpringApplicationShutdownHook] c.a.c.n.registry.NacosServiceRegistry    : De-registration finished.
22:44:40:949  INFO 37324 --- [SpringApplicationShutdownHook] com.alibaba.nacos.common.remote.client   : Shutdown rpc client, set status to shutdown
22:44:40:952  INFO 37324 --- [SpringApplicationShutdownHook] com.alibaba.nacos.common.remote.client   : Shutdown client event executor java.util.concurrent.ScheduledThreadPoolExecutor@1bdc4f3e[Running, pool size = 2, active threads = 2, queued tasks = 0, completed tasks = 0]
22:44:40:953  INFO 37324 --- [SpringApplicationShutdownHook] com.alibaba.nacos.common.remote.client   : Close current connection 1741007021727_192.168.230.1_63105
22:44:40:960  INFO 37324 --- [nacos-grpc-client-executor-1318] c.a.n.c.remote.client.grpc.GrpcClient    : [1741007021727_192.168.230.1_63105]Ignore complete event,isRunning:false,isAbandon=false
22:44:40:995  INFO 37324 --- [SpringApplicationShutdownHook] c.a.n.c.remote.client.grpc.GrpcClient    : Shutdown grpc executor java.util.concurrent.ThreadPoolExecutor@76f2ea67[Running, pool size = 4, active threads = 0, queued tasks = 0, completed tasks = 1319]
