00:55:10:114  WARN 21204 --- [Thread-5] c.a.nacos.common.notify.NotifyCenter     : [NotifyCenter] Start destroying Publisher
00:55:10:114  WARN 21204 --- [Thread-1] c.a.n.common.http.HttpClientBeanHolder   : [HttpClientBeanHolder] Start destroying common HttpClient
00:55:10:222  WARN 21204 --- [Thread-5] c.a.nacos.common.notify.NotifyCenter     : [NotifyCenter] Destruction of the end
00:55:10:257  WARN 21204 --- [Thread-1] c.a.n.common.http.HttpClientBeanHolder   : [HttpClientBeanHolder] Destruction of the end
00:55:11:493  INFO 21204 --- [SpringApplicationShutdownHook] c.a.c.n.registry.NacosServiceRegistry    : De-registering from Nacos Server now...
00:55:11:504  INFO 21204 --- [SpringApplicationShutdownHook] c.a.c.n.registry.NacosServiceRegistry    : De-registration finished.
00:55:11:841  INFO 21204 --- [SpringApplicationShutdownHook] com.alibaba.nacos.common.remote.client   : Shutdown rpc client, set status to shutdown
00:55:11:843  INFO 21204 --- [SpringApplicationShutdownHook] com.alibaba.nacos.common.remote.client   : Shutdown client event executor java.util.concurrent.ScheduledThreadPoolExecutor@67fae018[Running, pool size = 2, active threads = 2, queued tasks = 0, completed tasks = 0]
00:55:11:843  INFO 21204 --- [SpringApplicationShutdownHook] com.alibaba.nacos.common.remote.client   : Close current connection 1738667028495_192.168.230.1_56254
00:55:11:851  INFO 21204 --- [nacos-grpc-client-executor-4196] c.a.n.c.remote.client.grpc.GrpcClient    : [1738667028495_192.168.230.1_56254]Ignore complete event,isRunning:false,isAbandon=false
00:55:11:885  INFO 21204 --- [SpringApplicationShutdownHook] c.a.n.c.remote.client.grpc.GrpcClient    : Shutdown grpc executor java.util.concurrent.ThreadPoolExecutor@3700d7df[Running, pool size = 5, active threads = 0, queued tasks = 0, completed tasks = 4197]
00:55:43:117  INFO 20744 --- [main] com.hmall.trade.TradeApplication         : The following 1 profile is active: "local"
00:55:45:187  INFO 20744 --- [main] .s.d.r.c.RepositoryConfigurationDelegate : Multiple Spring Data modules found, entering strict repository configuration mode
00:55:45:196  INFO 20744 --- [main] .s.d.r.c.RepositoryConfigurationDelegate : Bootstrapping Spring Data Redis repositories in DEFAULT mode.
00:55:45:267  INFO 20744 --- [main] .s.d.r.c.RepositoryConfigurationDelegate : Finished Spring Data repository scanning in 34 ms. Found 0 Redis repository interfaces.
00:55:45:794  INFO 20744 --- [main] o.s.cloud.context.scope.GenericScope     : BeanFactory id=9ab2a251-e8f9-3374-806f-64e7304c44fc
00:55:47:272  INFO 20744 --- [main] o.s.b.w.embedded.tomcat.TomcatWebServer  : Tomcat initialized with port(s): 8087 (http)
00:55:47:295  INFO 20744 --- [main] o.apache.catalina.core.StandardService   : Starting service [Tomcat]
00:55:47:296  INFO 20744 --- [main] org.apache.catalina.core.StandardEngine  : Starting Servlet engine: [Apache Tomcat/9.0.75]
00:55:47:731  INFO 20744 --- [main] o.a.c.c.C.[Tomcat].[localhost].[/]       : Initializing Spring embedded WebApplicationContext
00:55:47:731  INFO 20744 --- [main] w.s.c.ServletWebServerApplicationContext : Root WebApplicationContext: initialization completed in 4523 ms
00:55:49:177  INFO 20744 --- [main] c.h.common.config.DefaultFeignConfig     : 正在定义Feign的日志级别
00:55:49:179  INFO 20744 --- [main] c.h.common.config.DefaultFeignConfig     : 正在定义Feign请求拦截器
00:55:49:180  INFO 20744 --- [main] c.hmall.item.api.config.ItemFeignConfig  : 正在定义ItemClientFallback
00:55:49:579  INFO 20744 --- [main] o.s.c.openfeign.FeignClientFactoryBean   : For 'item-service' URL not provided. Will try picking an instance via load-balancing.
00:55:50:250  INFO 20744 --- [main] c.h.common.config.DefaultFeignConfig     : 正在定义Feign的日志级别
00:55:50:251  INFO 20744 --- [main] c.h.common.config.DefaultFeignConfig     : 正在定义Feign请求拦截器
00:55:50:261  INFO 20744 --- [main] o.s.c.openfeign.FeignClientFactoryBean   : For 'cart-service' URL not provided. Will try picking an instance via load-balancing.
00:55:50:848  INFO 20744 --- [main] c.a.c.sentinel.SentinelWebMvcConfigurer  : [Sentinel Starter] register SentinelWebInterceptor with urlPatterns: [/**].
00:55:52:002  INFO 20744 --- [main] pertySourcedRequestMappingHandlerMapping : Mapped URL path [/v2/api-docs] onto method [springfox.documentation.swagger2.web.Swagger2ControllerWebMvc#getDocumentation(String, HttpServletRequest)]
00:55:53:886  INFO 20744 --- [main] com.alibaba.nacos.common.remote.client   : [RpcClientFactory] create a new rpc client of 99ace477-62fb-4bc4-b171-9bd3daa2eeeb
00:55:53:886  INFO 20744 --- [main] com.alibaba.nacos.common.remote.client   : [99ace477-62fb-4bc4-b171-9bd3daa2eeeb] RpcClient init label, labels = {module=naming, source=sdk}
00:55:53:892  INFO 20744 --- [main] com.alibaba.nacos.common.remote.client   : [99ace477-62fb-4bc4-b171-9bd3daa2eeeb] RpcClient init, ServerListFactory = com.alibaba.nacos.client.naming.core.ServerListManager
00:55:53:893  INFO 20744 --- [main] com.alibaba.nacos.common.remote.client   : [99ace477-62fb-4bc4-b171-9bd3daa2eeeb] Registry connection listener to current client:com.alibaba.nacos.client.naming.remote.gprc.redo.NamingGrpcRedoService
00:55:53:893  INFO 20744 --- [main] com.alibaba.nacos.common.remote.client   : [99ace477-62fb-4bc4-b171-9bd3daa2eeeb] Register server push request handler:com.alibaba.nacos.client.naming.remote.gprc.NamingPushRequestHandler
00:55:53:895  INFO 20744 --- [main] com.alibaba.nacos.common.remote.client   : [99ace477-62fb-4bc4-b171-9bd3daa2eeeb] Try to connect to server on start up, server: {serverIp = '192.168.230.130', server main port = 8848}
00:55:54:027  INFO 20744 --- [main] com.alibaba.nacos.common.remote.client   : [99ace477-62fb-4bc4-b171-9bd3daa2eeeb] Success to connect to server [192.168.230.130:8848] on start up, connectionId = 1738688153993_192.168.230.1_65298
00:55:54:027  INFO 20744 --- [main] com.alibaba.nacos.common.remote.client   : [99ace477-62fb-4bc4-b171-9bd3daa2eeeb] Register server push request handler:com.alibaba.nacos.common.remote.client.RpcClient$ConnectResetRequestHandler
00:55:54:027  INFO 20744 --- [main] com.alibaba.nacos.common.remote.client   : [99ace477-62fb-4bc4-b171-9bd3daa2eeeb] Register server push request handler:com.alibaba.nacos.common.remote.client.RpcClient$$Lambda$474/0x00000257b04c2958
00:55:54:027  INFO 20744 --- [com.alibaba.nacos.client.remote.worker] com.alibaba.nacos.common.remote.client   : [99ace477-62fb-4bc4-b171-9bd3daa2eeeb] Notify connected event to listeners.
00:55:54:142  INFO 20744 --- [main] o.s.b.w.embedded.tomcat.TomcatWebServer  : Tomcat started on port(s): 8087 (http) with context path ''
00:55:54:180  INFO 20744 --- [main] c.a.c.n.registry.NacosServiceRegistry    : nacos registry, DEFAULT_GROUP trade-service 192.168.2.24:8087 register finished
00:55:54:602  INFO 20744 --- [nacos-grpc-client-executor-7] com.alibaba.nacos.common.remote.client   : [99ace477-62fb-4bc4-b171-9bd3daa2eeeb] Receive server push request, request = NotifySubscriberRequest, requestId = 80
00:55:54:622  INFO 20744 --- [nacos-grpc-client-executor-7] com.alibaba.nacos.common.remote.client   : [99ace477-62fb-4bc4-b171-9bd3daa2eeeb] Ack server push request, request = NotifySubscriberRequest, requestId = 80
00:55:54:634  INFO 20744 --- [main] d.s.w.p.DocumentationPluginsBootstrapper : Documentation plugins bootstrapped
00:55:54:639  INFO 20744 --- [main] d.s.w.p.DocumentationPluginsBootstrapper : Found 1 custom documentation plugin(s)
00:55:54:689  INFO 20744 --- [main] s.d.s.w.s.ApiListingReferenceScanner     : Scanning for api listing references
00:55:54:721  INFO 20744 --- [main] com.hmall.trade.TradeApplication         : Started TradeApplication in 18.031 seconds (JVM running for 19.668)
00:55:54:735  INFO 20744 --- [main] c.a.c.n.refresh.NacosContextRefresher    : [Nacos Config] Listening config: dataId=trade-service, group=DEFAULT_GROUP
00:55:54:736  INFO 20744 --- [main] c.a.c.n.refresh.NacosContextRefresher    : [Nacos Config] Listening config: dataId=trade-service-local.yaml, group=DEFAULT_GROUP
00:55:54:737  INFO 20744 --- [main] c.a.c.n.refresh.NacosContextRefresher    : [Nacos Config] Listening config: dataId=trade-service.yaml, group=DEFAULT_GROUP
00:59:50:673  WARN 20744 --- [Thread-5] c.a.nacos.common.notify.NotifyCenter     : [NotifyCenter] Start destroying Publisher
00:59:50:673  WARN 20744 --- [Thread-1] c.a.n.common.http.HttpClientBeanHolder   : [HttpClientBeanHolder] Start destroying common HttpClient
00:59:50:674  WARN 20744 --- [Thread-5] c.a.nacos.common.notify.NotifyCenter     : [NotifyCenter] Destruction of the end
00:59:50:674  WARN 20744 --- [Thread-1] c.a.n.common.http.HttpClientBeanHolder   : [HttpClientBeanHolder] Destruction of the end
00:59:50:728  INFO 20744 --- [SpringApplicationShutdownHook] c.a.c.n.registry.NacosServiceRegistry    : De-registering from Nacos Server now...
00:59:50:732  INFO 20744 --- [SpringApplicationShutdownHook] c.a.c.n.registry.NacosServiceRegistry    : De-registration finished.
00:59:51:059  INFO 20744 --- [SpringApplicationShutdownHook] com.alibaba.nacos.common.remote.client   : Shutdown rpc client, set status to shutdown
00:59:51:060  INFO 20744 --- [SpringApplicationShutdownHook] com.alibaba.nacos.common.remote.client   : Shutdown client event executor java.util.concurrent.ScheduledThreadPoolExecutor@38185e3f[Running, pool size = 2, active threads = 2, queued tasks = 0, completed tasks = 0]
00:59:51:060  INFO 20744 --- [SpringApplicationShutdownHook] com.alibaba.nacos.common.remote.client   : Close current connection 1738688153993_192.168.230.1_65298
00:59:51:062  INFO 20744 --- [nacos-grpc-client-executor-60] c.a.n.c.remote.client.grpc.GrpcClient    : [1738688153993_192.168.230.1_65298]Ignore complete event,isRunning:false,isAbandon=false
00:59:51:066  INFO 20744 --- [SpringApplicationShutdownHook] c.a.n.c.remote.client.grpc.GrpcClient    : Shutdown grpc executor java.util.concurrent.ThreadPoolExecutor@3cb7a822[Running, pool size = 5, active threads = 0, queued tasks = 0, completed tasks = 61]
01:00:03:462  INFO 41860 --- [main] com.hmall.trade.TradeApplication         : The following 1 profile is active: "local"
01:00:05:261  INFO 41860 --- [main] .s.d.r.c.RepositoryConfigurationDelegate : Multiple Spring Data modules found, entering strict repository configuration mode
01:00:05:269  INFO 41860 --- [main] .s.d.r.c.RepositoryConfigurationDelegate : Bootstrapping Spring Data Redis repositories in DEFAULT mode.
01:00:05:337  INFO 41860 --- [main] .s.d.r.c.RepositoryConfigurationDelegate : Finished Spring Data repository scanning in 32 ms. Found 0 Redis repository interfaces.
01:00:05:896  INFO 41860 --- [main] o.s.cloud.context.scope.GenericScope     : BeanFactory id=9ab2a251-e8f9-3374-806f-64e7304c44fc
01:00:07:503  INFO 41860 --- [main] o.s.b.w.embedded.tomcat.TomcatWebServer  : Tomcat initialized with port(s): 8087 (http)
01:00:07:525  INFO 41860 --- [main] o.apache.catalina.core.StandardService   : Starting service [Tomcat]
01:00:07:525  INFO 41860 --- [main] org.apache.catalina.core.StandardEngine  : Starting Servlet engine: [Apache Tomcat/9.0.75]
01:00:07:999  INFO 41860 --- [main] o.a.c.c.C.[Tomcat].[localhost].[/]       : Initializing Spring embedded WebApplicationContext
01:00:08:000  INFO 41860 --- [main] w.s.c.ServletWebServerApplicationContext : Root WebApplicationContext: initialization completed in 4499 ms
01:00:09:524  INFO 41860 --- [main] c.h.common.config.DefaultFeignConfig     : 正在定义Feign的日志级别
01:00:09:526  INFO 41860 --- [main] c.h.common.config.DefaultFeignConfig     : 正在定义Feign请求拦截器
01:00:09:527  INFO 41860 --- [main] c.hmall.item.api.config.ItemFeignConfig  : 正在定义ItemClientFallback
01:00:09:916  INFO 41860 --- [main] o.s.c.openfeign.FeignClientFactoryBean   : For 'item-service' URL not provided. Will try picking an instance via load-balancing.
01:00:10:515  INFO 41860 --- [main] c.h.common.config.DefaultFeignConfig     : 正在定义Feign的日志级别
01:00:10:516  INFO 41860 --- [main] c.h.common.config.DefaultFeignConfig     : 正在定义Feign请求拦截器
01:00:10:527  INFO 41860 --- [main] o.s.c.openfeign.FeignClientFactoryBean   : For 'cart-service' URL not provided. Will try picking an instance via load-balancing.
01:00:11:299  INFO 41860 --- [main] c.a.c.sentinel.SentinelWebMvcConfigurer  : [Sentinel Starter] register SentinelWebInterceptor with urlPatterns: [/**].
01:00:12:756  INFO 41860 --- [main] pertySourcedRequestMappingHandlerMapping : Mapped URL path [/v2/api-docs] onto method [springfox.documentation.swagger2.web.Swagger2ControllerWebMvc#getDocumentation(String, HttpServletRequest)]
01:00:14:659  INFO 41860 --- [main] com.alibaba.nacos.common.remote.client   : [RpcClientFactory] create a new rpc client of 678d3e08-f3f9-41ad-917e-66c7e7586f23
01:00:14:660  INFO 41860 --- [main] com.alibaba.nacos.common.remote.client   : [678d3e08-f3f9-41ad-917e-66c7e7586f23] RpcClient init label, labels = {module=naming, source=sdk}
01:00:14:664  INFO 41860 --- [main] com.alibaba.nacos.common.remote.client   : [678d3e08-f3f9-41ad-917e-66c7e7586f23] RpcClient init, ServerListFactory = com.alibaba.nacos.client.naming.core.ServerListManager
01:00:14:664  INFO 41860 --- [main] com.alibaba.nacos.common.remote.client   : [678d3e08-f3f9-41ad-917e-66c7e7586f23] Registry connection listener to current client:com.alibaba.nacos.client.naming.remote.gprc.redo.NamingGrpcRedoService
01:00:14:666  INFO 41860 --- [main] com.alibaba.nacos.common.remote.client   : [678d3e08-f3f9-41ad-917e-66c7e7586f23] Register server push request handler:com.alibaba.nacos.client.naming.remote.gprc.NamingPushRequestHandler
01:00:14:667  INFO 41860 --- [main] com.alibaba.nacos.common.remote.client   : [678d3e08-f3f9-41ad-917e-66c7e7586f23] Try to connect to server on start up, server: {serverIp = '192.168.230.130', server main port = 8848}
01:00:14:808  INFO 41860 --- [main] com.alibaba.nacos.common.remote.client   : [678d3e08-f3f9-41ad-917e-66c7e7586f23] Success to connect to server [192.168.230.130:8848] on start up, connectionId = 1738688414771_192.168.230.1_49723
01:00:14:808  INFO 41860 --- [main] com.alibaba.nacos.common.remote.client   : [678d3e08-f3f9-41ad-917e-66c7e7586f23] Register server push request handler:com.alibaba.nacos.common.remote.client.RpcClient$ConnectResetRequestHandler
01:00:14:808  INFO 41860 --- [com.alibaba.nacos.client.remote.worker] com.alibaba.nacos.common.remote.client   : [678d3e08-f3f9-41ad-917e-66c7e7586f23] Notify connected event to listeners.
01:00:14:808  INFO 41860 --- [main] com.alibaba.nacos.common.remote.client   : [678d3e08-f3f9-41ad-917e-66c7e7586f23] Register server push request handler:com.alibaba.nacos.common.remote.client.RpcClient$$Lambda$486/0x000001f1104ecf98
01:00:14:918  INFO 41860 --- [main] o.s.b.w.embedded.tomcat.TomcatWebServer  : Tomcat started on port(s): 8087 (http) with context path ''
01:00:14:938  INFO 41860 --- [main] c.a.c.n.registry.NacosServiceRegistry    : nacos registry, DEFAULT_GROUP trade-service 192.168.2.24:8087 register finished
01:00:15:424  INFO 41860 --- [nacos-grpc-client-executor-7] com.alibaba.nacos.common.remote.client   : [678d3e08-f3f9-41ad-917e-66c7e7586f23] Receive server push request, request = NotifySubscriberRequest, requestId = 86
01:00:15:431  INFO 41860 --- [main] d.s.w.p.DocumentationPluginsBootstrapper : Documentation plugins bootstrapped
01:00:15:437  INFO 41860 --- [main] d.s.w.p.DocumentationPluginsBootstrapper : Found 1 custom documentation plugin(s)
01:00:15:443  INFO 41860 --- [nacos-grpc-client-executor-7] com.alibaba.nacos.common.remote.client   : [678d3e08-f3f9-41ad-917e-66c7e7586f23] Ack server push request, request = NotifySubscriberRequest, requestId = 86
01:00:15:494  INFO 41860 --- [main] s.d.s.w.s.ApiListingReferenceScanner     : Scanning for api listing references
01:00:15:522  INFO 41860 --- [main] com.hmall.trade.TradeApplication         : Started TradeApplication in 17.316 seconds (JVM running for 18.593)
01:00:15:533  INFO 41860 --- [main] c.a.c.n.refresh.NacosContextRefresher    : [Nacos Config] Listening config: dataId=trade-service, group=DEFAULT_GROUP
01:00:15:534  INFO 41860 --- [main] c.a.c.n.refresh.NacosContextRefresher    : [Nacos Config] Listening config: dataId=trade-service-local.yaml, group=DEFAULT_GROUP
01:00:15:535  INFO 41860 --- [main] c.a.c.n.refresh.NacosContextRefresher    : [Nacos Config] Listening config: dataId=trade-service.yaml, group=DEFAULT_GROUP
01:02:58:901  WARN 41860 --- [Thread-1] c.a.n.common.http.HttpClientBeanHolder   : [HttpClientBeanHolder] Start destroying common HttpClient
01:02:58:901  WARN 41860 --- [Thread-5] c.a.nacos.common.notify.NotifyCenter     : [NotifyCenter] Start destroying Publisher
01:02:58:902  WARN 41860 --- [Thread-5] c.a.nacos.common.notify.NotifyCenter     : [NotifyCenter] Destruction of the end
01:02:58:902  WARN 41860 --- [Thread-1] c.a.n.common.http.HttpClientBeanHolder   : [HttpClientBeanHolder] Destruction of the end
01:02:58:965  INFO 41860 --- [SpringApplicationShutdownHook] c.a.c.n.registry.NacosServiceRegistry    : De-registering from Nacos Server now...
01:02:58:970  INFO 41860 --- [SpringApplicationShutdownHook] c.a.c.n.registry.NacosServiceRegistry    : De-registration finished.
01:02:59:294  INFO 41860 --- [SpringApplicationShutdownHook] com.alibaba.nacos.common.remote.client   : Shutdown rpc client, set status to shutdown
01:02:59:294  INFO 41860 --- [SpringApplicationShutdownHook] com.alibaba.nacos.common.remote.client   : Shutdown client event executor java.util.concurrent.ScheduledThreadPoolExecutor@24af3acb[Running, pool size = 2, active threads = 2, queued tasks = 0, completed tasks = 0]
01:02:59:294  INFO 41860 --- [SpringApplicationShutdownHook] com.alibaba.nacos.common.remote.client   : Close current connection 1738688414771_192.168.230.1_49723
01:02:59:297  INFO 41860 --- [nacos-grpc-client-executor-45] c.a.n.c.remote.client.grpc.GrpcClient    : [1738688414771_192.168.230.1_49723]Ignore complete event,isRunning:false,isAbandon=false
01:02:59:301  INFO 41860 --- [SpringApplicationShutdownHook] c.a.n.c.remote.client.grpc.GrpcClient    : Shutdown grpc executor java.util.concurrent.ThreadPoolExecutor@40afc6cf[Running, pool size = 5, active threads = 0, queued tasks = 0, completed tasks = 46]
